<?xml version="1.0" encoding="UTF-8"?>
<!-- Generated by org.testng.reporters.JUnitReportReporter -->
<testsuite skipped="0" hostname="LAPTOP-635O7HE9" name="com.bbc.LessonFive.mvnTestNG" tests="1" failures="0" timestamp="03 六月 2018 03:06:18 GMT" time="0.000" errors="0">
  <testcase name="HelloWorld" time="0.000" classname="com.bbc.LessonFive.mvnTestNG"/>
</testsuite> <!-- com.bbc.LessonFive.mvnTestNG -->
